{"C:\\Users\\Guilherme\\Downloads\\trabalho\\github\\challenges\\project-broadcast\\credit-card-luhn-validation\\apps\\frontend\\src\\components\\index.tsx": {"path":"C:\\Users\\Guilherme\\Downloads\\trabalho\\github\\challenges\\project-broadcast\\credit-card-luhn-validation\\apps\\frontend\\src\\components\\index.tsx","statementMap":{"0":{"start":{"line":1,"column":0},"end":{"line":1,"column":9}},"1":{"start":{"line":1,"column":9},"end":{"line":1,"column":48}},"2":{"start":{"line":2,"column":0},"end":{"line":2,"column":9}},"3":{"start":{"line":2,"column":9},"end":{"line":2,"column":44}},"4":{"start":{"line":3,"column":0},"end":{"line":3,"column":9}},"5":{"start":{"line":3,"column":9},"end":{"line":3,"column":34}},"6":{"start":{"line":4,"column":0},"end":{"line":4,"column":9}},"7":{"start":{"line":4,"column":9},"end":{"line":4,"column":34}},"8":{"start":{"line":5,"column":0},"end":{"line":5,"column":9}},"9":{"start":{"line":5,"column":9},"end":{"line":5,"column":42}}},"fnMap":{"0":{"name":"(anonymous_0)","decl":{"start":{"line":1,"column":9},"end":{"line":1,"column":22}},"loc":{"start":{"line":1,"column":9},"end":{"line":1,"column":48}}},"1":{"name":"(anonymous_1)","decl":{"start":{"line":2,"column":9},"end":{"line":2,"column":20}},"loc":{"start":{"line":2,"column":9},"end":{"line":2,"column":44}}},"2":{"name":"(anonymous_2)","decl":{"start":{"line":3,"column":9},"end":{"line":3,"column":15}},"loc":{"start":{"line":3,"column":9},"end":{"line":3,"column":34}}},"3":{"name":"(anonymous_3)","decl":{"start":{"line":4,"column":9},"end":{"line":4,"column":15}},"loc":{"start":{"line":4,"column":9},"end":{"line":4,"column":34}}},"4":{"name":"(anonymous_4)","decl":{"start":{"line":5,"column":9},"end":{"line":5,"column":19}},"loc":{"start":{"line":5,"column":9},"end":{"line":5,"column":42}}}},"branchMap":{},"s":{"0":0,"1":0,"2":0,"3":0,"4":0,"5":0,"6":0,"7":0,"8":0,"9":0},"f":{"0":0,"1":0,"2":0,"3":0,"4":0},"b":{}}
,"C:\\Users\\Guilherme\\Downloads\\trabalho\\github\\challenges\\project-broadcast\\credit-card-luhn-validation\\apps\\frontend\\src\\components\\Button\\index.tsx": {"path":"C:\\Users\\Guilherme\\Downloads\\trabalho\\github\\challenges\\project-broadcast\\credit-card-luhn-validation\\apps\\frontend\\src\\components\\Button\\index.tsx","statementMap":{"0":{"start":{"line":1,"column":0},"end":{"line":1,"column":31}},"1":{"start":{"line":2,"column":0},"end":{"line":2,"column":44}},"2":{"start":{"line":3,"column":0},"end":{"line":3,"column":66}},"3":{"start":{"line":4,"column":0},"end":{"line":4,"column":36}},"4":{"start":{"line":6,"column":23},"end":{"line":33,"column":null}},"5":{"start":{"line":56,"column":17},"end":{"line":56,"column":31}},"6":{"start":{"line":42,"column":15},"end":{"line":52,"column":null}},"7":{"start":{"line":44,"column":17},"end":{"line":44,"column":42}},"8":{"start":{"line":45,"column":4},"end":{"line":51,"column":6}},"9":{"start":{"line":56,"column":9},"end":{"line":56,"column":15}},"10":{"start":{"line":54,"column":0},"end":{"line":54,"column":30}}},"fnMap":{"0":{"name":"(anonymous_0)","decl":{"start":{"line":43,"column":2},"end":{"line":43,"column":3}},"loc":{"start":{"line":43,"column":67},"end":{"line":52,"column":3}}}},"branchMap":{"0":{"loc":{"start":{"line":43,"column":31},"end":{"line":43,"column":46}},"type":"default-arg","locations":[{"start":{"line":43,"column":41},"end":{"line":43,"column":46}}]},"1":{"loc":{"start":{"line":44,"column":17},"end":{"line":44,"column":42}},"type":"cond-expr","locations":[{"start":{"line":44,"column":27},"end":{"line":44,"column":31}},{"start":{"line":44,"column":34},"end":{"line":44,"column":42}}]}},"s":{"0":1,"1":1,"2":1,"3":1,"4":1,"5":1,"6":1,"7":0,"8":0,"9":1,"10":1},"f":{"0":0},"b":{"0":[0],"1":[0,0]}}
,"C:\\Users\\Guilherme\\Downloads\\trabalho\\github\\challenges\\project-broadcast\\credit-card-luhn-validation\\apps\\frontend\\src\\components\\CardList\\index.tsx": {"path":"C:\\Users\\Guilherme\\Downloads\\trabalho\\github\\challenges\\project-broadcast\\credit-card-luhn-validation\\apps\\frontend\\src\\components\\CardList\\index.tsx","statementMap":{"0":{"start":{"line":1,"column":0},"end":{"line":1,"column":26}},"1":{"start":{"line":2,"column":0},"end":{"line":2,"column":47}},"2":{"start":{"line":4,"column":0},"end":{"line":4,"column":null}},"3":{"start":{"line":13,"column":0},"end":{"line":13,"column":33}},"4":{"start":{"line":26,"column":31},"end":{"line":29,"column":3}},"5":{"start":{"line":27,"column":27},"end":{"line":27,"column":51}},"6":{"start":{"line":28,"column":4},"end":{"line":28,"column":46}},"7":{"start":{"line":30,"column":2},"end":{"line":86,"column":4}},"8":{"start":{"line":55,"column":14},"end":{"line":79,"column":null}},"9":{"start":{"line":73,"column":22},"end":{"line":73,"column":45}},"10":{"start":{"line":21,"column":0},"end":{"line":21,"column":16}}},"fnMap":{"0":{"name":"CardList","decl":{"start":{"line":21,"column":16},"end":{"line":21,"column":24}},"loc":{"start":{"line":25,"column":16},"end":{"line":87,"column":1}}},"1":{"name":"(anonymous_1)","decl":{"start":{"line":26,"column":31},"end":{"line":26,"column":32}},"loc":{"start":{"line":26,"column":54},"end":{"line":29,"column":3}}},"2":{"name":"(anonymous_2)","decl":{"start":{"line":54,"column":23},"end":{"line":54,"column":24}},"loc":{"start":{"line":55,"column":14},"end":{"line":79,"column":null}}},"3":{"name":"(anonymous_3)","decl":{"start":{"line":72,"column":29},"end":{"line":72,"column":32}},"loc":{"start":{"line":72,"column":34},"end":{"line":74,"column":21}}}},"branchMap":{"0":{"loc":{"start":{"line":77,"column":24},"end":{"line":77,"column":62}},"type":"cond-expr","locations":[{"start":{"line":77,"column":34},"end":{"line":77,"column":51}},{"start":{"line":77,"column":54},"end":{"line":77,"column":62}}]}},"s":{"0":0,"1":0,"2":0,"3":0,"4":0,"5":0,"6":0,"7":0,"8":0,"9":0,"10":0},"f":{"0":0,"1":0,"2":0,"3":0},"b":{"0":[0,0]}}
,"C:\\Users\\Guilherme\\Downloads\\trabalho\\github\\challenges\\project-broadcast\\credit-card-luhn-validation\\apps\\frontend\\src\\components\\CreditCard\\index.tsx": {"path":"C:\\Users\\Guilherme\\Downloads\\trabalho\\github\\challenges\\project-broadcast\\credit-card-luhn-validation\\apps\\frontend\\src\\components\\CreditCard\\index.tsx","statementMap":{"0":{"start":{"line":1,"column":0},"end":{"line":1,"column":39}},"1":{"start":{"line":2,"column":0},"end":{"line":2,"column":34}},"2":{"start":{"line":3,"column":0},"end":{"line":3,"column":36}},"3":{"start":{"line":4,"column":0},"end":{"line":4,"column":21}},"4":{"start":{"line":22,"column":20},"end":{"line":24,"column":null}},"5":{"start":{"line":23,"column":11},"end":{"line":23,"column":44}},"6":{"start":{"line":27,"column":2},"end":{"line":74,"column":4}},"7":{"start":{"line":14,"column":0},"end":{"line":14,"column":16}}},"fnMap":{"0":{"name":"CreditCard","decl":{"start":{"line":14,"column":16},"end":{"line":14,"column":26}},"loc":{"start":{"line":21,"column":28},"end":{"line":75,"column":1}}},"1":{"name":"(anonymous_1)","decl":{"start":{"line":23,"column":4},"end":{"line":23,"column":7}},"loc":{"start":{"line":23,"column":11},"end":{"line":23,"column":44}}}},"branchMap":{"0":{"loc":{"start":{"line":23,"column":11},"end":{"line":23,"column":44}},"type":"cond-expr","locations":[{"start":{"line":23,"column":21},"end":{"line":23,"column":35}},{"start":{"line":23,"column":38},"end":{"line":23,"column":44}}]}},"s":{"0":0,"1":0,"2":0,"3":0,"4":0,"5":0,"6":0,"7":0},"f":{"0":0,"1":0},"b":{"0":[0,0]}}
,"C:\\Users\\Guilherme\\Downloads\\trabalho\\github\\challenges\\project-broadcast\\credit-card-luhn-validation\\apps\\frontend\\src\\components\\Icons\\index.tsx": {"path":"C:\\Users\\Guilherme\\Downloads\\trabalho\\github\\challenges\\project-broadcast\\credit-card-luhn-validation\\apps\\frontend\\src\\components\\Icons\\index.tsx","statementMap":{"0":{"start":{"line":1,"column":0},"end":{"line":1,"column":26}},"1":{"start":{"line":5,"column":13},"end":{"line":174,"column":2}},"2":{"start":{"line":7,"column":4},"end":{"line":30,"column":null}},"3":{"start":{"line":34,"column":4},"end":{"line":38,"column":null}},"4":{"start":{"line":42,"column":4},"end":{"line":51,"column":null}},"5":{"start":{"line":55,"column":4},"end":{"line":59,"column":null}},"6":{"start":{"line":63,"column":4},"end":{"line":67,"column":null}},"7":{"start":{"line":71,"column":4},"end":{"line":75,"column":null}},"8":{"start":{"line":79,"column":4},"end":{"line":83,"column":null}},"9":{"start":{"line":87,"column":4},"end":{"line":91,"column":null}},"10":{"start":{"line":95,"column":4},"end":{"line":107,"column":null}},"11":{"start":{"line":111,"column":4},"end":{"line":123,"column":null}},"12":{"start":{"line":127,"column":4},"end":{"line":139,"column":null}},"13":{"start":{"line":143,"column":4},"end":{"line":155,"column":null}},"14":{"start":{"line":159,"column":4},"end":{"line":171,"column":null}}},"fnMap":{"0":{"name":"(anonymous_0)","decl":{"start":{"line":6,"column":8},"end":{"line":6,"column":9}},"loc":{"start":{"line":7,"column":4},"end":{"line":30,"column":null}}},"1":{"name":"(anonymous_1)","decl":{"start":{"line":33,"column":10},"end":{"line":33,"column":11}},"loc":{"start":{"line":34,"column":4},"end":{"line":38,"column":null}}},"2":{"name":"(anonymous_2)","decl":{"start":{"line":41,"column":9},"end":{"line":41,"column":10}},"loc":{"start":{"line":42,"column":4},"end":{"line":51,"column":null}}},"3":{"name":"(anonymous_3)","decl":{"start":{"line":54,"column":7},"end":{"line":54,"column":8}},"loc":{"start":{"line":55,"column":4},"end":{"line":59,"column":null}}},"4":{"name":"(anonymous_4)","decl":{"start":{"line":62,"column":9},"end":{"line":62,"column":10}},"loc":{"start":{"line":63,"column":4},"end":{"line":67,"column":null}}},"5":{"name":"(anonymous_5)","decl":{"start":{"line":70,"column":12},"end":{"line":70,"column":13}},"loc":{"start":{"line":71,"column":4},"end":{"line":75,"column":null}}},"6":{"name":"(anonymous_6)","decl":{"start":{"line":78,"column":9},"end":{"line":78,"column":10}},"loc":{"start":{"line":79,"column":4},"end":{"line":83,"column":null}}},"7":{"name":"(anonymous_7)","decl":{"start":{"line":86,"column":10},"end":{"line":86,"column":11}},"loc":{"start":{"line":87,"column":4},"end":{"line":91,"column":null}}},"8":{"name":"(anonymous_8)","decl":{"start":{"line":94,"column":11},"end":{"line":94,"column":12}},"loc":{"start":{"line":95,"column":4},"end":{"line":107,"column":null}}},"9":{"name":"(anonymous_9)","decl":{"start":{"line":110,"column":8},"end":{"line":110,"column":9}},"loc":{"start":{"line":111,"column":4},"end":{"line":123,"column":null}}},"10":{"name":"(anonymous_10)","decl":{"start":{"line":126,"column":14},"end":{"line":126,"column":15}},"loc":{"start":{"line":127,"column":4},"end":{"line":139,"column":null}}},"11":{"name":"(anonymous_11)","decl":{"start":{"line":142,"column":16},"end":{"line":142,"column":17}},"loc":{"start":{"line":143,"column":4},"end":{"line":155,"column":null}}},"12":{"name":"(anonymous_12)","decl":{"start":{"line":158,"column":16},"end":{"line":158,"column":17}},"loc":{"start":{"line":159,"column":4},"end":{"line":171,"column":null}}}},"branchMap":{"0":{"loc":{"start":{"line":129,"column":12},"end":{"line":129,"column":32}},"type":"binary-expr","locations":[{"start":{"line":129,"column":12},"end":{"line":129,"column":22}},{"start":{"line":129,"column":26},"end":{"line":129,"column":32}}]},"1":{"loc":{"start":{"line":145,"column":12},"end":{"line":145,"column":32}},"type":"binary-expr","locations":[{"start":{"line":145,"column":12},"end":{"line":145,"column":22}},{"start":{"line":145,"column":26},"end":{"line":145,"column":32}}]},"2":{"loc":{"start":{"line":161,"column":12},"end":{"line":161,"column":32}},"type":"binary-expr","locations":[{"start":{"line":161,"column":12},"end":{"line":161,"column":22}},{"start":{"line":161,"column":26},"end":{"line":161,"column":32}}]}},"s":{"0":0,"1":0,"2":0,"3":0,"4":0,"5":0,"6":0,"7":0,"8":0,"9":0,"10":0,"11":0,"12":0,"13":0,"14":0},"f":{"0":0,"1":0,"2":0,"3":0,"4":0,"5":0,"6":0,"7":0,"8":0,"9":0,"10":0,"11":0,"12":0},"b":{"0":[0,0],"1":[0,0],"2":[0,0]}}
,"C:\\Users\\Guilherme\\Downloads\\trabalho\\github\\challenges\\project-broadcast\\credit-card-luhn-validation\\apps\\frontend\\src\\components\\Loader\\index.tsx": {"path":"C:\\Users\\Guilherme\\Downloads\\trabalho\\github\\challenges\\project-broadcast\\credit-card-luhn-validation\\apps\\frontend\\src\\components\\Loader\\index.tsx","statementMap":{"0":{"start":{"line":1,"column":0},"end":{"line":1,"column":26}},"1":{"start":{"line":8,"column":2},"end":{"line":8,"column":72}},"2":{"start":{"line":7,"column":0},"end":{"line":7,"column":16}}},"fnMap":{"0":{"name":"Loader","decl":{"start":{"line":7,"column":16},"end":{"line":7,"column":22}},"loc":{"start":{"line":7,"column":54},"end":{"line":9,"column":1}}}},"branchMap":{},"s":{"0":0,"1":0,"2":0},"f":{"0":0},"b":{}}
,"C:\\Users\\Guilherme\\Downloads\\trabalho\\github\\challenges\\project-broadcast\\credit-card-luhn-validation\\apps\\frontend\\src\\components\\ModeToggle\\index.tsx": {"path":"C:\\Users\\Guilherme\\Downloads\\trabalho\\github\\challenges\\project-broadcast\\credit-card-luhn-validation\\apps\\frontend\\src\\components\\ModeToggle\\index.tsx","statementMap":{"0":{"start":{"line":1,"column":0},"end":{"line":1,"column":26}},"1":{"start":{"line":2,"column":0},"end":{"line":2,"column":41}},"2":{"start":{"line":3,"column":0},"end":{"line":3,"column":56}},"3":{"start":{"line":4,"column":0},"end":{"line":4,"column":null}},"4":{"start":{"line":10,"column":0},"end":{"line":10,"column":28}},"5":{"start":{"line":13,"column":23},"end":{"line":13,"column":33}},"6":{"start":{"line":15,"column":2},"end":{"line":41,"column":4}},"7":{"start":{"line":27,"column":12},"end":{"line":27,"column":30}},"8":{"start":{"line":34,"column":12},"end":{"line":34,"column":29}},"9":{"start":{"line":12,"column":0},"end":{"line":12,"column":16}}},"fnMap":{"0":{"name":"ModeToggle","decl":{"start":{"line":12,"column":16},"end":{"line":12,"column":26}},"loc":{"start":{"line":12,"column":26},"end":{"line":42,"column":1}}},"1":{"name":"(anonymous_1)","decl":{"start":{"line":26,"column":19},"end":{"line":26,"column":22}},"loc":{"start":{"line":26,"column":24},"end":{"line":28,"column":11}}},"2":{"name":"(anonymous_2)","decl":{"start":{"line":33,"column":19},"end":{"line":33,"column":22}},"loc":{"start":{"line":33,"column":24},"end":{"line":35,"column":11}}}},"branchMap":{},"s":{"0":0,"1":0,"2":0,"3":0,"4":0,"5":0,"6":0,"7":0,"8":0,"9":0},"f":{"0":0,"1":0,"2":0},"b":{}}
,"C:\\Users\\Guilherme\\Downloads\\trabalho\\github\\challenges\\project-broadcast\\credit-card-luhn-validation\\apps\\frontend\\src\\components\\PaymentCard\\index.tsx": {"path":"C:\\Users\\Guilherme\\Downloads\\trabalho\\github\\challenges\\project-broadcast\\credit-card-luhn-validation\\apps\\frontend\\src\\components\\PaymentCard\\index.tsx","statementMap":{"0":{"start":{"line":2,"column":0},"end":{"line":2,"column":40}},"1":{"start":{"line":3,"column":0},"end":{"line":3,"column":null}},"2":{"start":{"line":10,"column":0},"end":{"line":10,"column":36}},"3":{"start":{"line":11,"column":0},"end":{"line":11,"column":36}},"4":{"start":{"line":12,"column":0},"end":{"line":12,"column":35}},"5":{"start":{"line":13,"column":0},"end":{"line":13,"column":59}},"6":{"start":{"line":14,"column":0},"end":{"line":14,"column":32}},"7":{"start":{"line":15,"column":0},"end":{"line":15,"column":61}},"8":{"start":{"line":16,"column":0},"end":{"line":16,"column":54}},"9":{"start":{"line":17,"column":0},"end":{"line":17,"column":60}},"10":{"start":{"line":18,"column":0},"end":{"line":18,"column":72}},"11":{"start":{"line":19,"column":0},"end":{"line":19,"column":59}},"12":{"start":{"line":20,"column":0},"end":{"line":20,"column":63}},"13":{"start":{"line":21,"column":0},"end":{"line":21,"column":33}},"14":{"start":{"line":23,"column":15},"end":{"line":36,"column":2}},"15":{"start":{"line":43,"column":26},"end":{"line":43,"column":49}},"16":{"start":{"line":44,"column":36},"end":{"line":44,"column":48}},"17":{"start":{"line":46,"column":38},"end":{"line":46,"column":69}},"18":{"start":{"line":47,"column":40},"end":{"line":47,"column":52}},"19":{"start":{"line":49,"column":36},"end":{"line":49,"column":48}},"20":{"start":{"line":50,"column":34},"end":{"line":50,"column":50}},"21":{"start":{"line":52,"column":24},"end":{"line":52,"column":36}},"22":{"start":{"line":53,"column":34},"end":{"line":53,"column":46}},"23":{"start":{"line":55,"column":32},"end":{"line":55,"column":47}},"24":{"start":{"line":57,"column":32},"end":{"line":57,"column":47}},"25":{"start":{"line":59,"column":19},"end":{"line":59,"column":32}},"26":{"start":{"line":61,"column":24},"end":{"line":66,"column":3}},"27":{"start":{"line":62,"column":28},"end":{"line":62,"column":62}},"28":{"start":{"line":63,"column":4},"end":{"line":63,"column":33}},"29":{"start":{"line":63,"column":26},"end":{"line":63,"column":33}},"30":{"start":{"line":64,"column":22},"end":{"line":64,"column":56}},"31":{"start":{"line":65,"column":4},"end":{"line":65,"column":60}},"32":{"start":{"line":68,"column":18},"end":{"line":73,"column":3}},"33":{"start":{"line":69,"column":24},"end":{"line":69,"column":74}},"34":{"start":{"line":69,"column":51},"end":{"line":69,"column":69}},"35":{"start":{"line":70,"column":4},"end":{"line":72,"column":33}},"36":{"start":{"line":75,"column":22},"end":{"line":81,"column":3}},"37":{"start":{"line":76,"column":4},"end":{"line":76,"column":16}},"38":{"start":{"line":77,"column":4},"end":{"line":77,"column":22}},"39":{"start":{"line":78,"column":4},"end":{"line":78,"column":21}},"40":{"start":{"line":79,"column":4},"end":{"line":79,"column":20}},"41":{"start":{"line":80,"column":4},"end":{"line":80,"column":15}},"42":{"start":{"line":83,"column":23},"end":{"line":147,"column":3}},"43":{"start":{"line":84,"column":4},"end":{"line":84,"column":21}},"44":{"start":{"line":86,"column":27},"end":{"line":86,"column":46}},"45":{"start":{"line":87,"column":29},"end":{"line":87,"column":60}},"46":{"start":{"line":88,"column":26},"end":{"line":88,"column":44}},"47":{"start":{"line":90,"column":4},"end":{"line":98,"column":5}},"48":{"start":{"line":97,"column":6},"end":{"line":97,"column":69}},"49":{"start":{"line":100,"column":4},"end":{"line":105,"column":5}},"50":{"start":{"line":101,"column":6},"end":{"line":101,"column":43}},"51":{"start":{"line":102,"column":6},"end":{"line":102,"column":24}},"52":{"start":{"line":103,"column":6},"end":{"line":103,"column":28}},"53":{"start":{"line":104,"column":6},"end":{"line":104,"column":13}},"54":{"start":{"line":107,"column":4},"end":{"line":112,"column":5}},"55":{"start":{"line":108,"column":6},"end":{"line":108,"column":47}},"56":{"start":{"line":109,"column":6},"end":{"line":109,"column":24}},"57":{"start":{"line":110,"column":6},"end":{"line":110,"column":30}},"58":{"start":{"line":111,"column":6},"end":{"line":111,"column":13}},"59":{"start":{"line":114,"column":4},"end":{"line":119,"column":5}},"60":{"start":{"line":115,"column":6},"end":{"line":115,"column":41}},"61":{"start":{"line":116,"column":6},"end":{"line":116,"column":24}},"62":{"start":{"line":117,"column":6},"end":{"line":117,"column":27}},"63":{"start":{"line":118,"column":6},"end":{"line":118,"column":13}},"64":{"start":{"line":121,"column":24},"end":{"line":126,"column":6}},"65":{"start":{"line":128,"column":4},"end":{"line":146,"column":5}},"66":{"start":{"line":129,"column":21},"end":{"line":129,"column":54}},"67":{"start":{"line":130,"column":6},"end":{"line":137,"column":8}},"68":{"start":{"line":138,"column":6},"end":{"line":141,"column":7}},"69":{"start":{"line":139,"column":8},"end":{"line":139,"column":22}},"70":{"start":{"line":140,"column":8},"end":{"line":140,"column":20}},"71":{"start":{"line":143,"column":6},"end":{"line":143,"column":42}},"72":{"start":{"line":145,"column":6},"end":{"line":145,"column":24}},"73":{"start":{"line":149,"column":2},"end":{"line":276,"column":4}},"74":{"start":{"line":168,"column":16},"end":{"line":168,"column":40}},"75":{"start":{"line":169,"column":16},"end":{"line":169,"column":33}},"76":{"start":{"line":186,"column":16},"end":{"line":186,"column":46}},"77":{"start":{"line":187,"column":16},"end":{"line":187,"column":35}},"78":{"start":{"line":204,"column":18},"end":{"line":204,"column":58}},"79":{"start":{"line":212,"column":20},"end":{"line":213,"column":null}},"80":{"start":{"line":224,"column":18},"end":{"line":224,"column":37}},"81":{"start":{"line":232,"column":38},"end":{"line":232,"column":71}},"82":{"start":{"line":233,"column":20},"end":{"line":237,"column":22}},"83":{"start":{"line":249,"column":18},"end":{"line":249,"column":36}},"84":{"start":{"line":252,"column":18},"end":{"line":252,"column":41}},"85":{"start":{"line":253,"column":18},"end":{"line":253,"column":34}},"86":{"start":{"line":256,"column":18},"end":{"line":256,"column":35}},"87":{"start":{"line":42,"column":0},"end":{"line":42,"column":16}}},"fnMap":{"0":{"name":"PaymentCard","decl":{"start":{"line":42,"column":16},"end":{"line":42,"column":27}},"loc":{"start":{"line":42,"column":59},"end":{"line":277,"column":1}}},"1":{"name":"(anonymous_1)","decl":{"start":{"line":61,"column":24},"end":{"line":61,"column":25}},"loc":{"start":{"line":61,"column":59},"end":{"line":66,"column":3}}},"2":{"name":"(anonymous_2)","decl":{"start":{"line":68,"column":18},"end":{"line":68,"column":21}},"loc":{"start":{"line":68,"column":23},"end":{"line":73,"column":3}}},"3":{"name":"(anonymous_3)","decl":{"start":{"line":69,"column":41},"end":{"line":69,"column":42}},"loc":{"start":{"line":69,"column":51},"end":{"line":69,"column":69}}},"4":{"name":"(anonymous_4)","decl":{"start":{"line":75,"column":22},"end":{"line":75,"column":25}},"loc":{"start":{"line":75,"column":27},"end":{"line":81,"column":3}}},"5":{"name":"(anonymous_5)","decl":{"start":{"line":83,"column":23},"end":{"line":83,"column":28}},"loc":{"start":{"line":83,"column":34},"end":{"line":147,"column":3}}},"6":{"name":"(anonymous_6)","decl":{"start":{"line":167,"column":24},"end":{"line":167,"column":25}},"loc":{"start":{"line":167,"column":61},"end":{"line":170,"column":15}}},"7":{"name":"(anonymous_7)","decl":{"start":{"line":185,"column":24},"end":{"line":185,"column":25}},"loc":{"start":{"line":185,"column":61},"end":{"line":188,"column":15}}},"8":{"name":"(anonymous_8)","decl":{"start":{"line":203,"column":31},"end":{"line":203,"column":32}},"loc":{"start":{"line":203,"column":41},"end":{"line":205,"column":17}}},"9":{"name":"(anonymous_9)","decl":{"start":{"line":211,"column":30},"end":{"line":211,"column":31}},"loc":{"start":{"line":212,"column":20},"end":{"line":213,"column":null}}},"10":{"name":"(anonymous_10)","decl":{"start":{"line":223,"column":31},"end":{"line":223,"column":32}},"loc":{"start":{"line":223,"column":41},"end":{"line":225,"column":17}}},"11":{"name":"(anonymous_11)","decl":{"start":{"line":231,"column":46},"end":{"line":231,"column":47}},"loc":{"start":{"line":231,"column":55},"end":{"line":238,"column":19}}},"12":{"name":"(anonymous_12)","decl":{"start":{"line":248,"column":24},"end":{"line":248,"column":27}},"loc":{"start":{"line":248,"column":29},"end":{"line":250,"column":17}}},"13":{"name":"(anonymous_13)","decl":{"start":{"line":251,"column":26},"end":{"line":251,"column":27}},"loc":{"start":{"line":251,"column":63},"end":{"line":254,"column":17}}},"14":{"name":"(anonymous_14)","decl":{"start":{"line":255,"column":25},"end":{"line":255,"column":28}},"loc":{"start":{"line":255,"column":30},"end":{"line":257,"column":17}}}},"branchMap":{"0":{"loc":{"start":{"line":61,"column":44},"end":{"line":61,"column":55}},"type":"default-arg","locations":[{"start":{"line":61,"column":53},"end":{"line":61,"column":55}}]},"1":{"loc":{"start":{"line":63,"column":4},"end":{"line":63,"column":33}},"type":"if","locations":[{"start":{"line":63,"column":4},"end":{"line":63,"column":33}}]},"2":{"loc":{"start":{"line":71,"column":6},"end":{"line":71,"column":null}},"type":"cond-expr","locations":[{"start":{"line":71,"column":39},"end":{"line":71,"column":42}},{"start":{"line":71,"column":45},"end":{"line":71,"column":null}}]},"3":{"loc":{"start":{"line":90,"column":4},"end":{"line":98,"column":5}},"type":"if","locations":[{"start":{"line":90,"column":4},"end":{"line":98,"column":5}}]},"4":{"loc":{"start":{"line":91,"column":6},"end":{"line":95,"column":16}},"type":"binary-expr","locations":[{"start":{"line":91,"column":6},"end":{"line":91,"column":17}},{"start":{"line":92,"column":6},"end":{"line":92,"column":23}},{"start":{"line":93,"column":6},"end":{"line":93,"column":22}},{"start":{"line":94,"column":6},"end":{"line":94,"column":21}},{"start":{"line":95,"column":6},"end":{"line":95,"column":16}}]},"5":{"loc":{"start":{"line":100,"column":4},"end":{"line":105,"column":5}},"type":"if","locations":[{"start":{"line":100,"column":4},"end":{"line":105,"column":5}}]},"6":{"loc":{"start":{"line":107,"column":4},"end":{"line":112,"column":5}},"type":"if","locations":[{"start":{"line":107,"column":4},"end":{"line":112,"column":5}}]},"7":{"loc":{"start":{"line":114,"column":4},"end":{"line":119,"column":5}},"type":"if","locations":[{"start":{"line":114,"column":4},"end":{"line":119,"column":5}}]},"8":{"loc":{"start":{"line":131,"column":8},"end":{"line":134,"column":53}},"type":"binary-expr","locations":[{"start":{"line":131,"column":8},"end":{"line":131,"column":18}},{"start":{"line":132,"column":11},"end":{"line":134,"column":52}}]},"9":{"loc":{"start":{"line":132,"column":11},"end":{"line":134,"column":52}},"type":"cond-expr","locations":[{"start":{"line":133,"column":14},"end":{"line":133,"column":43}},{"start":{"line":134,"column":14},"end":{"line":134,"column":52}}]},"10":{"loc":{"start":{"line":138,"column":6},"end":{"line":141,"column":7}},"type":"if","locations":[{"start":{"line":138,"column":6},"end":{"line":141,"column":7}}]},"11":{"loc":{"start":{"line":174,"column":13},"end":{"line":178,"column":20}},"type":"cond-expr","locations":[{"start":{"line":175,"column":14},"end":{"line":176,"column":null}},{"start":{"line":178,"column":16},"end":{"line":178,"column":20}}]},"12":{"loc":{"start":{"line":192,"column":13},"end":{"line":196,"column":20}},"type":"cond-expr","locations":[{"start":{"line":193,"column":14},"end":{"line":194,"column":null}},{"start":{"line":196,"column":16},"end":{"line":196,"column":20}}]},"13":{"loc":{"start":{"line":261,"column":15},"end":{"line":265,"column":22}},"type":"cond-expr","locations":[{"start":{"line":262,"column":16},"end":{"line":263,"column":null}},{"start":{"line":265,"column":18},"end":{"line":265,"column":22}}]},"14":{"loc":{"start":{"line":271,"column":13},"end":{"line":271,"column":53}},"type":"cond-expr","locations":[{"start":{"line":271,"column":23},"end":{"line":271,"column":40}},{"start":{"line":271,"column":43},"end":{"line":271,"column":53}}]}},"s":{"0":0,"1":0,"2":0,"3":0,"4":0,"5":0,"6":0,"7":0,"8":0,"9":0,"10":0,"11":0,"12":0,"13":0,"14":0,"15":0,"16":0,"17":0,"18":0,"19":0,"20":0,"21":0,"22":0,"23":0,"24":0,"25":0,"26":0,"27":0,"28":0,"29":0,"30":0,"31":0,"32":0,"33":0,"34":0,"35":0,"36":0,"37":0,"38":0,"39":0,"40":0,"41":0,"42":0,"43":0,"44":0,"45":0,"46":0,"47":0,"48":0,"49":0,"50":0,"51":0,"52":0,"53":0,"54":0,"55":0,"56":0,"57":0,"58":0,"59":0,"60":0,"61":0,"62":0,"63":0,"64":0,"65":0,"66":0,"67":0,"68":0,"69":0,"70":0,"71":0,"72":0,"73":0,"74":0,"75":0,"76":0,"77":0,"78":0,"79":0,"80":0,"81":0,"82":0,"83":0,"84":0,"85":0,"86":0,"87":0},"f":{"0":0,"1":0,"2":0,"3":0,"4":0,"5":0,"6":0,"7":0,"8":0,"9":0,"10":0,"11":0,"12":0,"13":0,"14":0},"b":{"0":[0],"1":[0],"2":[0,0],"3":[0],"4":[0,0,0,0,0],"5":[0],"6":[0],"7":[0],"8":[0,0],"9":[0,0],"10":[0],"11":[0,0],"12":[0,0],"13":[0,0],"14":[0,0]}}
,"C:\\Users\\Guilherme\\Downloads\\trabalho\\github\\challenges\\project-broadcast\\credit-card-luhn-validation\\apps\\frontend\\src\\components\\Snackbar\\index.tsx": {"path":"C:\\Users\\Guilherme\\Downloads\\trabalho\\github\\challenges\\project-broadcast\\credit-card-luhn-validation\\apps\\frontend\\src\\components\\Snackbar\\index.tsx","statementMap":{"0":{"start":{"line":1,"column":0},"end":{"line":1,"column":53}},"1":{"start":{"line":2,"column":0},"end":{"line":2,"column":65}},"2":{"start":{"line":3,"column":0},"end":{"line":3,"column":33}},"3":{"start":{"line":4,"column":0},"end":{"line":4,"column":28}},"4":{"start":{"line":5,"column":0},"end":{"line":5,"column":56}},"5":{"start":{"line":11,"column":20},"end":{"line":11,"column":57}},"6":{"start":{"line":12,"column":13},"end":{"line":12,"column":52}},"7":{"start":{"line":13,"column":2},"end":{"line":17,"column":3}},"8":{"start":{"line":14,"column":4},"end":{"line":14,"column":51}},"9":{"start":{"line":15,"column":9},"end":{"line":17,"column":3}},"10":{"start":{"line":16,"column":4},"end":{"line":16,"column":49}},"11":{"start":{"line":18,"column":2},"end":{"line":18,"column":14}},"12":{"start":{"line":22,"column":44},"end":{"line":22,"column":71}},"13":{"start":{"line":24,"column":20},"end":{"line":24,"column":30}},"14":{"start":{"line":26,"column":22},"end":{"line":33,"column":3}},"15":{"start":{"line":27,"column":4},"end":{"line":32,"column":6}},"16":{"start":{"line":29,"column":8},"end":{"line":29,"column":23}},"17":{"start":{"line":35,"column":23},"end":{"line":42,"column":3}},"18":{"start":{"line":36,"column":4},"end":{"line":41,"column":7}},"19":{"start":{"line":44,"column":2},"end":{"line":48,"column":27}},"20":{"start":{"line":45,"column":4},"end":{"line":47,"column":5}},"21":{"start":{"line":46,"column":6},"end":{"line":46,"column":20}},"22":{"start":{"line":50,"column":19},"end":{"line":59,"column":3}},"23":{"start":{"line":51,"column":4},"end":{"line":58,"column":5}},"24":{"start":{"line":53,"column":8},"end":{"line":53,"column":34}},"25":{"start":{"line":55,"column":8},"end":{"line":55,"column":32}},"26":{"start":{"line":57,"column":8},"end":{"line":57,"column":33}},"27":{"start":{"line":61,"column":2},"end":{"line":87,"column":4}},"28":{"start":{"line":21,"column":0},"end":{"line":21,"column":16}}},"fnMap":{"0":{"name":"renderIcon","decl":{"start":{"line":7,"column":9},"end":{"line":7,"column":19}},"loc":{"start":{"line":9,"column":16},"end":{"line":19,"column":1}}},"1":{"name":"Snackbar","decl":{"start":{"line":21,"column":16},"end":{"line":21,"column":24}},"loc":{"start":{"line":21,"column":24},"end":{"line":88,"column":1}}},"2":{"name":"(anonymous_2)","decl":{"start":{"line":26,"column":22},"end":{"line":26,"column":25}},"loc":{"start":{"line":26,"column":27},"end":{"line":33,"column":3}}},"3":{"name":"(anonymous_3)","decl":{"start":{"line":28,"column":6},"end":{"line":28,"column":9}},"loc":{"start":{"line":28,"column":11},"end":{"line":30,"column":7}}},"4":{"name":"(anonymous_4)","decl":{"start":{"line":35,"column":23},"end":{"line":35,"column":26}},"loc":{"start":{"line":35,"column":28},"end":{"line":42,"column":3}}},"5":{"name":"(anonymous_5)","decl":{"start":{"line":44,"column":12},"end":{"line":44,"column":15}},"loc":{"start":{"line":44,"column":17},"end":{"line":48,"column":3}}},"6":{"name":"(anonymous_6)","decl":{"start":{"line":50,"column":19},"end":{"line":50,"column":20}},"loc":{"start":{"line":50,"column":37},"end":{"line":59,"column":3}}}},"branchMap":{"0":{"loc":{"start":{"line":11,"column":20},"end":{"line":11,"column":57}},"type":"cond-expr","locations":[{"start":{"line":11,"column":40},"end":{"line":11,"column":47}},{"start":{"line":11,"column":50},"end":{"line":11,"column":57}}]},"1":{"loc":{"start":{"line":13,"column":2},"end":{"line":17,"column":3}},"type":"if","locations":[{"start":{"line":13,"column":2},"end":{"line":17,"column":3}},{"start":{"line":15,"column":9},"end":{"line":17,"column":3}}]},"2":{"loc":{"start":{"line":15,"column":9},"end":{"line":17,"column":3}},"type":"if","locations":[{"start":{"line":15,"column":9},"end":{"line":17,"column":3}}]},"3":{"loc":{"start":{"line":45,"column":4},"end":{"line":47,"column":5}},"type":"if","locations":[{"start":{"line":45,"column":4},"end":{"line":47,"column":5}}]},"4":{"loc":{"start":{"line":45,"column":8},"end":{"line":45,"column":47}},"type":"binary-expr","locations":[{"start":{"line":45,"column":8},"end":{"line":45,"column":26}},{"start":{"line":45,"column":30},"end":{"line":45,"column":47}}]},"5":{"loc":{"start":{"line":51,"column":4},"end":{"line":58,"column":5}},"type":"switch","locations":[{"start":{"line":52,"column":6},"end":{"line":53,"column":34}},{"start":{"line":54,"column":6},"end":{"line":55,"column":32}},{"start":{"line":56,"column":6},"end":{"line":57,"column":33}}]},"6":{"loc":{"start":{"line":63,"column":7},"end":{"line":85,"column":14}},"type":"cond-expr","locations":[{"start":{"line":64,"column":8},"end":{"line":83,"column":null}},{"start":{"line":85,"column":10},"end":{"line":85,"column":14}}]}},"s":{"0":0,"1":0,"2":0,"3":0,"4":0,"5":0,"6":0,"7":0,"8":0,"9":0,"10":0,"11":0,"12":0,"13":0,"14":0,"15":0,"16":0,"17":0,"18":0,"19":0,"20":0,"21":0,"22":0,"23":0,"24":0,"25":0,"26":0,"27":0,"28":0},"f":{"0":0,"1":0,"2":0,"3":0,"4":0,"5":0,"6":0},"b":{"0":[0,0],"1":[0,0],"2":[0],"3":[0],"4":[0,0],"5":[0,0,0],"6":[0,0]}}
,"C:\\Users\\Guilherme\\Downloads\\trabalho\\github\\challenges\\project-broadcast\\credit-card-luhn-validation\\apps\\frontend\\src\\components\\ui\\card.tsx": {"path":"C:\\Users\\Guilherme\\Downloads\\trabalho\\github\\challenges\\project-broadcast\\credit-card-luhn-validation\\apps\\frontend\\src\\components\\ui\\card.tsx","statementMap":{"0":{"start":{"line":1,"column":0},"end":{"line":1,"column":31}},"1":{"start":{"line":2,"column":0},"end":{"line":2,"column":36}},"2":{"start":{"line":4,"column":13},"end":{"line":16,"column":2}},"3":{"start":{"line":8,"column":2},"end":{"line":14,"column":null}},"4":{"start":{"line":76,"column":2},"end":{"line":76,"column":6}},"5":{"start":{"line":17,"column":0},"end":{"line":17,"column":26}},"6":{"start":{"line":19,"column":19},"end":{"line":28,"column":2}},"7":{"start":{"line":23,"column":2},"end":{"line":26,"column":null}},"8":{"start":{"line":77,"column":2},"end":{"line":77,"column":12}},"9":{"start":{"line":29,"column":0},"end":{"line":29,"column":38}},"10":{"start":{"line":31,"column":18},"end":{"line":40,"column":2}},"11":{"start":{"line":35,"column":2},"end":{"line":38,"column":null}},"12":{"start":{"line":79,"column":2},"end":{"line":79,"column":11}},"13":{"start":{"line":41,"column":0},"end":{"line":41,"column":36}},"14":{"start":{"line":43,"column":24},"end":{"line":52,"column":2}},"15":{"start":{"line":47,"column":2},"end":{"line":50,"column":null}},"16":{"start":{"line":80,"column":2},"end":{"line":80,"column":17}},"17":{"start":{"line":53,"column":0},"end":{"line":53,"column":48}},"18":{"start":{"line":55,"column":20},"end":{"line":60,"column":2}},"19":{"start":{"line":59,"column":2},"end":{"line":59,"column":68}},"20":{"start":{"line":81,"column":2},"end":{"line":81,"column":13}},"21":{"start":{"line":61,"column":0},"end":{"line":61,"column":40}},"22":{"start":{"line":63,"column":19},"end":{"line":72,"column":2}},"23":{"start":{"line":67,"column":2},"end":{"line":70,"column":null}},"24":{"start":{"line":78,"column":2},"end":{"line":78,"column":12}},"25":{"start":{"line":73,"column":0},"end":{"line":73,"column":38}}},"fnMap":{"0":{"name":"(anonymous_0)","decl":{"start":{"line":7,"column":2},"end":{"line":7,"column":3}},"loc":{"start":{"line":8,"column":2},"end":{"line":14,"column":null}}},"1":{"name":"(anonymous_1)","decl":{"start":{"line":22,"column":2},"end":{"line":22,"column":3}},"loc":{"start":{"line":23,"column":2},"end":{"line":26,"column":null}}},"2":{"name":"(anonymous_2)","decl":{"start":{"line":34,"column":2},"end":{"line":34,"column":3}},"loc":{"start":{"line":35,"column":2},"end":{"line":38,"column":null}}},"3":{"name":"(anonymous_3)","decl":{"start":{"line":46,"column":2},"end":{"line":46,"column":3}},"loc":{"start":{"line":47,"column":2},"end":{"line":50,"column":null}}},"4":{"name":"(anonymous_4)","decl":{"start":{"line":58,"column":2},"end":{"line":58,"column":3}},"loc":{"start":{"line":59,"column":2},"end":{"line":59,"column":68}}},"5":{"name":"(anonymous_5)","decl":{"start":{"line":66,"column":2},"end":{"line":66,"column":3}},"loc":{"start":{"line":67,"column":2},"end":{"line":70,"column":null}}}},"branchMap":{},"s":{"0":0,"1":0,"2":0,"3":0,"4":0,"5":0,"6":0,"7":0,"8":0,"9":0,"10":0,"11":0,"12":0,"13":0,"14":0,"15":0,"16":0,"17":0,"18":0,"19":0,"20":0,"21":0,"22":0,"23":0,"24":0,"25":0},"f":{"0":0,"1":0,"2":0,"3":0,"4":0,"5":0},"b":{}}
,"C:\\Users\\Guilherme\\Downloads\\trabalho\\github\\challenges\\project-broadcast\\credit-card-luhn-validation\\apps\\frontend\\src\\components\\ui\\dropdown-menu.tsx": {"path":"C:\\Users\\Guilherme\\Downloads\\trabalho\\github\\challenges\\project-broadcast\\credit-card-luhn-validation\\apps\\frontend\\src\\components\\ui\\dropdown-menu.tsx","statementMap":{"0":{"start":{"line":1,"column":0},"end":{"line":1,"column":31}},"1":{"start":{"line":2,"column":0},"end":{"line":2,"column":71}},"2":{"start":{"line":3,"column":0},"end":{"line":3,"column":null}},"3":{"start":{"line":8,"column":0},"end":{"line":8,"column":36}},"4":{"start":{"line":10,"column":21},"end":{"line":10,"column":47}},"5":{"start":{"line":187,"column":2},"end":{"line":187,"column":14}},"6":{"start":{"line":12,"column":28},"end":{"line":12,"column":57}},"7":{"start":{"line":188,"column":2},"end":{"line":188,"column":21}},"8":{"start":{"line":14,"column":26},"end":{"line":14,"column":53}},"9":{"start":{"line":196,"column":2},"end":{"line":196,"column":19}},"10":{"start":{"line":16,"column":27},"end":{"line":16,"column":55}},"11":{"start":{"line":197,"column":2},"end":{"line":197,"column":20}},"12":{"start":{"line":18,"column":24},"end":{"line":18,"column":49}},"13":{"start":{"line":198,"column":2},"end":{"line":198,"column":17}},"14":{"start":{"line":20,"column":31},"end":{"line":20,"column":63}},"15":{"start":{"line":201,"column":2},"end":{"line":201,"column":24}},"16":{"start":{"line":22,"column":31},"end":{"line":40,"column":2}},"17":{"start":{"line":28,"column":2},"end":{"line":38,"column":null}},"18":{"start":{"line":200,"column":2},"end":{"line":200,"column":24}},"19":{"start":{"line":41,"column":0},"end":{"line":42,"column":47}},"20":{"start":{"line":44,"column":31},"end":{"line":56,"column":2}},"21":{"start":{"line":48,"column":2},"end":{"line":54,"column":null}},"22":{"start":{"line":199,"column":2},"end":{"line":199,"column":24}},"23":{"start":{"line":57,"column":0},"end":{"line":58,"column":47}},"24":{"start":{"line":60,"column":28},"end":{"line":76,"column":2}},"25":{"start":{"line":64,"column":2},"end":{"line":74,"column":null}},"26":{"start":{"line":189,"column":2},"end":{"line":189,"column":21}},"27":{"start":{"line":77,"column":0},"end":{"line":77,"column":76}},"28":{"start":{"line":79,"column":25},"end":{"line":94,"column":2}},"29":{"start":{"line":85,"column":2},"end":{"line":92,"column":null}},"30":{"start":{"line":190,"column":2},"end":{"line":190,"column":18}},"31":{"start":{"line":95,"column":0},"end":{"line":95,"column":70}},"32":{"start":{"line":97,"column":33},"end":{"line":117,"column":2}},"33":{"start":{"line":101,"column":2},"end":{"line":115,"column":null}},"34":{"start":{"line":191,"column":2},"end":{"line":191,"column":26}},"35":{"start":{"line":118,"column":0},"end":{"line":119,"column":49}},"36":{"start":{"line":121,"column":30},"end":{"line":140,"column":2}},"37":{"start":{"line":125,"column":2},"end":{"line":138,"column":null}},"38":{"start":{"line":192,"column":2},"end":{"line":192,"column":23}},"39":{"start":{"line":141,"column":0},"end":{"line":141,"column":80}},"40":{"start":{"line":143,"column":26},"end":{"line":158,"column":2}},"41":{"start":{"line":149,"column":2},"end":{"line":156,"column":null}},"42":{"start":{"line":193,"column":2},"end":{"line":193,"column":19}},"43":{"start":{"line":159,"column":0},"end":{"line":159,"column":72}},"44":{"start":{"line":161,"column":30},"end":{"line":170,"column":2}},"45":{"start":{"line":165,"column":2},"end":{"line":168,"column":null}},"46":{"start":{"line":194,"column":2},"end":{"line":194,"column":23}},"47":{"start":{"line":171,"column":0},"end":{"line":171,"column":80}},"48":{"start":{"line":177,"column":2},"end":{"line":182,"column":4}},"49":{"start":{"line":195,"column":2},"end":{"line":195,"column":22}},"50":{"start":{"line":184,"column":0},"end":{"line":184,"column":58}}},"fnMap":{"0":{"name":"(anonymous_0)","decl":{"start":{"line":27,"column":2},"end":{"line":27,"column":3}},"loc":{"start":{"line":28,"column":2},"end":{"line":38,"column":null}}},"1":{"name":"(anonymous_1)","decl":{"start":{"line":47,"column":2},"end":{"line":47,"column":3}},"loc":{"start":{"line":48,"column":2},"end":{"line":54,"column":null}}},"2":{"name":"(anonymous_2)","decl":{"start":{"line":63,"column":2},"end":{"line":63,"column":3}},"loc":{"start":{"line":64,"column":2},"end":{"line":74,"column":null}}},"3":{"name":"(anonymous_3)","decl":{"start":{"line":84,"column":2},"end":{"line":84,"column":3}},"loc":{"start":{"line":85,"column":2},"end":{"line":92,"column":null}}},"4":{"name":"(anonymous_4)","decl":{"start":{"line":100,"column":2},"end":{"line":100,"column":3}},"loc":{"start":{"line":101,"column":2},"end":{"line":115,"column":null}}},"5":{"name":"(anonymous_5)","decl":{"start":{"line":124,"column":2},"end":{"line":124,"column":3}},"loc":{"start":{"line":125,"column":2},"end":{"line":138,"column":null}}},"6":{"name":"(anonymous_6)","decl":{"start":{"line":148,"column":2},"end":{"line":148,"column":3}},"loc":{"start":{"line":149,"column":2},"end":{"line":156,"column":null}}},"7":{"name":"(anonymous_7)","decl":{"start":{"line":164,"column":2},"end":{"line":164,"column":3}},"loc":{"start":{"line":165,"column":2},"end":{"line":168,"column":null}}},"8":{"name":"DropdownMenuShortcut","decl":{"start":{"line":173,"column":9},"end":{"line":173,"column":29}},"loc":{"start":{"line":176,"column":40},"end":{"line":183,"column":1}}}},"branchMap":{"0":{"loc":{"start":{"line":31,"column":6},"end":{"line":31,"column":21}},"type":"binary-expr","locations":[{"start":{"line":31,"column":6},"end":{"line":31,"column":11}},{"start":{"line":31,"column":15},"end":{"line":31,"column":21}}]},"1":{"loc":{"start":{"line":63,"column":16},"end":{"line":63,"column":30}},"type":"default-arg","locations":[{"start":{"line":63,"column":29},"end":{"line":63,"column":30}}]},"2":{"loc":{"start":{"line":88,"column":6},"end":{"line":88,"column":21}},"type":"binary-expr","locations":[{"start":{"line":88,"column":6},"end":{"line":88,"column":11}},{"start":{"line":88,"column":15},"end":{"line":88,"column":21}}]},"3":{"loc":{"start":{"line":152,"column":6},"end":{"line":152,"column":21}},"type":"binary-expr","locations":[{"start":{"line":152,"column":6},"end":{"line":152,"column":11}},{"start":{"line":152,"column":15},"end":{"line":152,"column":21}}]}},"s":{"0":0,"1":0,"2":0,"3":0,"4":0,"5":0,"6":0,"7":0,"8":0,"9":0,"10":0,"11":0,"12":0,"13":0,"14":0,"15":0,"16":0,"17":0,"18":0,"19":0,"20":0,"21":0,"22":0,"23":0,"24":0,"25":0,"26":0,"27":0,"28":0,"29":0,"30":0,"31":0,"32":0,"33":0,"34":0,"35":0,"36":0,"37":0,"38":0,"39":0,"40":0,"41":0,"42":0,"43":0,"44":0,"45":0,"46":0,"47":0,"48":0,"49":0,"50":0},"f":{"0":0,"1":0,"2":0,"3":0,"4":0,"5":0,"6":0,"7":0,"8":0},"b":{"0":[0,0],"1":[0],"2":[0,0],"3":[0,0]}}
,"C:\\Users\\Guilherme\\Downloads\\trabalho\\github\\challenges\\project-broadcast\\credit-card-luhn-validation\\apps\\frontend\\src\\components\\ui\\input.tsx": {"path":"C:\\Users\\Guilherme\\Downloads\\trabalho\\github\\challenges\\project-broadcast\\credit-card-luhn-validation\\apps\\frontend\\src\\components\\ui\\input.tsx","statementMap":{"0":{"start":{"line":1,"column":0},"end":{"line":1,"column":31}},"1":{"start":{"line":2,"column":0},"end":{"line":2,"column":36}},"2":{"start":{"line":6,"column":14},"end":{"line":19,"column":null}},"3":{"start":{"line":8,"column":4},"end":{"line":18,"column":6}},"4":{"start":{"line":23,"column":9},"end":{"line":23,"column":14}},"5":{"start":{"line":21,"column":0},"end":{"line":21,"column":28}}},"fnMap":{"0":{"name":"(anonymous_0)","decl":{"start":{"line":7,"column":2},"end":{"line":7,"column":3}},"loc":{"start":{"line":7,"column":41},"end":{"line":19,"column":3}}}},"branchMap":{},"s":{"0":0,"1":0,"2":0,"3":0,"4":0,"5":0},"f":{"0":0},"b":{}}
,"C:\\Users\\Guilherme\\Downloads\\trabalho\\github\\challenges\\project-broadcast\\credit-card-luhn-validation\\apps\\frontend\\src\\components\\ui\\label.tsx": {"path":"C:\\Users\\Guilherme\\Downloads\\trabalho\\github\\challenges\\project-broadcast\\credit-card-luhn-validation\\apps\\frontend\\src\\components\\ui\\label.tsx","statementMap":{"0":{"start":{"line":1,"column":0},"end":{"line":1,"column":31}},"1":{"start":{"line":2,"column":0},"end":{"line":2,"column":56}},"2":{"start":{"line":3,"column":0},"end":{"line":3,"column":66}},"3":{"start":{"line":4,"column":0},"end":{"line":4,"column":36}},"4":{"start":{"line":6,"column":22},"end":{"line":7,"column":null}},"5":{"start":{"line":10,"column":14},"end":{"line":20,"column":2}},"6":{"start":{"line":15,"column":2},"end":{"line":18,"column":null}},"7":{"start":{"line":23,"column":9},"end":{"line":23,"column":14}},"8":{"start":{"line":21,"column":0},"end":{"line":21,"column":52}}},"fnMap":{"0":{"name":"(anonymous_0)","decl":{"start":{"line":14,"column":2},"end":{"line":14,"column":3}},"loc":{"start":{"line":15,"column":2},"end":{"line":18,"column":null}}}},"branchMap":{},"s":{"0":0,"1":0,"2":0,"3":0,"4":0,"5":0,"6":0,"7":0,"8":0},"f":{"0":0},"b":{}}
,"C:\\Users\\Guilherme\\Downloads\\trabalho\\github\\challenges\\project-broadcast\\credit-card-luhn-validation\\apps\\frontend\\src\\components\\ui\\radio-group.tsx": {"path":"C:\\Users\\Guilherme\\Downloads\\trabalho\\github\\challenges\\project-broadcast\\credit-card-luhn-validation\\apps\\frontend\\src\\components\\ui\\radio-group.tsx","statementMap":{"0":{"start":{"line":1,"column":0},"end":{"line":1,"column":31}},"1":{"start":{"line":2,"column":0},"end":{"line":2,"column":50}},"2":{"start":{"line":3,"column":0},"end":{"line":3,"column":67}},"3":{"start":{"line":4,"column":0},"end":{"line":4,"column":36}},"4":{"start":{"line":6,"column":19},"end":{"line":17,"column":2}},"5":{"start":{"line":10,"column":2},"end":{"line":16,"column":4}},"6":{"start":{"line":41,"column":9},"end":{"line":41,"column":19}},"7":{"start":{"line":18,"column":0},"end":{"line":18,"column":62}},"8":{"start":{"line":20,"column":23},"end":{"line":38,"column":2}},"9":{"start":{"line":24,"column":2},"end":{"line":37,"column":4}},"10":{"start":{"line":41,"column":21},"end":{"line":41,"column":35}},"11":{"start":{"line":39,"column":0},"end":{"line":39,"column":66}}},"fnMap":{"0":{"name":"(anonymous_0)","decl":{"start":{"line":9,"column":2},"end":{"line":9,"column":3}},"loc":{"start":{"line":9,"column":35},"end":{"line":17,"column":1}}},"1":{"name":"(anonymous_1)","decl":{"start":{"line":23,"column":2},"end":{"line":23,"column":3}},"loc":{"start":{"line":23,"column":35},"end":{"line":38,"column":1}}}},"branchMap":{},"s":{"0":0,"1":0,"2":0,"3":0,"4":0,"5":0,"6":0,"7":0,"8":0,"9":0,"10":0,"11":0},"f":{"0":0,"1":0},"b":{}}
,"C:\\Users\\Guilherme\\Downloads\\trabalho\\github\\challenges\\project-broadcast\\credit-card-luhn-validation\\apps\\frontend\\src\\components\\ui\\select.tsx": {"path":"C:\\Users\\Guilherme\\Downloads\\trabalho\\github\\challenges\\project-broadcast\\credit-card-luhn-validation\\apps\\frontend\\src\\components\\ui\\select.tsx","statementMap":{"0":{"start":{"line":1,"column":0},"end":{"line":1,"column":31}},"1":{"start":{"line":2,"column":0},"end":{"line":2,"column":null}},"2":{"start":{"line":8,"column":0},"end":{"line":8,"column":58}},"3":{"start":{"line":9,"column":0},"end":{"line":9,"column":36}},"4":{"start":{"line":11,"column":15},"end":{"line":11,"column":35}},"5":{"start":{"line":151,"column":2},"end":{"line":151,"column":8}},"6":{"start":{"line":13,"column":20},"end":{"line":13,"column":41}},"7":{"start":{"line":152,"column":2},"end":{"line":152,"column":13}},"8":{"start":{"line":15,"column":20},"end":{"line":15,"column":41}},"9":{"start":{"line":153,"column":2},"end":{"line":153,"column":13}},"10":{"start":{"line":17,"column":22},"end":{"line":34,"column":2}},"11":{"start":{"line":21,"column":2},"end":{"line":32,"column":null}},"12":{"start":{"line":154,"column":2},"end":{"line":154,"column":15}},"13":{"start":{"line":35,"column":0},"end":{"line":35,"column":64}},"14":{"start":{"line":37,"column":29},"end":{"line":51,"column":2}},"15":{"start":{"line":41,"column":2},"end":{"line":49,"column":null}},"16":{"start":{"line":159,"column":2},"end":{"line":159,"column":22}},"17":{"start":{"line":52,"column":0},"end":{"line":52,"column":78}},"18":{"start":{"line":54,"column":31},"end":{"line":68,"column":2}},"19":{"start":{"line":58,"column":2},"end":{"line":66,"column":null}},"20":{"start":{"line":160,"column":2},"end":{"line":160,"column":24}},"21":{"start":{"line":69,"column":0},"end":{"line":70,"column":47}},"22":{"start":{"line":72,"column":22},"end":{"line":101,"column":2}},"23":{"start":{"line":76,"column":2},"end":{"line":99,"column":null}},"24":{"start":{"line":155,"column":2},"end":{"line":155,"column":15}},"25":{"start":{"line":102,"column":0},"end":{"line":102,"column":64}},"26":{"start":{"line":104,"column":20},"end":{"line":113,"column":2}},"27":{"start":{"line":108,"column":2},"end":{"line":111,"column":null}},"28":{"start":{"line":156,"column":2},"end":{"line":156,"column":13}},"29":{"start":{"line":114,"column":0},"end":{"line":114,"column":60}},"30":{"start":{"line":116,"column":19},"end":{"line":135,"column":2}},"31":{"start":{"line":120,"column":2},"end":{"line":133,"column":null}},"32":{"start":{"line":157,"column":2},"end":{"line":157,"column":12}},"33":{"start":{"line":136,"column":0},"end":{"line":136,"column":58}},"34":{"start":{"line":138,"column":24},"end":{"line":147,"column":2}},"35":{"start":{"line":142,"column":2},"end":{"line":145,"column":null}},"36":{"start":{"line":158,"column":2},"end":{"line":158,"column":17}},"37":{"start":{"line":148,"column":0},"end":{"line":148,"column":68}}},"fnMap":{"0":{"name":"(anonymous_0)","decl":{"start":{"line":20,"column":2},"end":{"line":20,"column":3}},"loc":{"start":{"line":21,"column":2},"end":{"line":32,"column":null}}},"1":{"name":"(anonymous_1)","decl":{"start":{"line":40,"column":2},"end":{"line":40,"column":3}},"loc":{"start":{"line":41,"column":2},"end":{"line":49,"column":null}}},"2":{"name":"(anonymous_2)","decl":{"start":{"line":57,"column":2},"end":{"line":57,"column":3}},"loc":{"start":{"line":58,"column":2},"end":{"line":66,"column":null}}},"3":{"name":"(anonymous_3)","decl":{"start":{"line":75,"column":2},"end":{"line":75,"column":3}},"loc":{"start":{"line":76,"column":2},"end":{"line":99,"column":null}}},"4":{"name":"(anonymous_4)","decl":{"start":{"line":107,"column":2},"end":{"line":107,"column":3}},"loc":{"start":{"line":108,"column":2},"end":{"line":111,"column":null}}},"5":{"name":"(anonymous_5)","decl":{"start":{"line":119,"column":2},"end":{"line":119,"column":3}},"loc":{"start":{"line":120,"column":2},"end":{"line":133,"column":null}}},"6":{"name":"(anonymous_6)","decl":{"start":{"line":141,"column":2},"end":{"line":141,"column":3}},"loc":{"start":{"line":142,"column":2},"end":{"line":145,"column":null}}}},"branchMap":{"0":{"loc":{"start":{"line":75,"column":26},"end":{"line":75,"column":45}},"type":"default-arg","locations":[{"start":{"line":75,"column":37},"end":{"line":75,"column":45}}]},"1":{"loc":{"start":{"line":80,"column":8},"end":{"line":81,"column":139}},"type":"binary-expr","locations":[{"start":{"line":80,"column":8},"end":{"line":80,"column":29}},{"start":{"line":81,"column":10},"end":{"line":81,"column":139}}]},"2":{"loc":{"start":{"line":92,"column":10},"end":{"line":93,"column":101}},"type":"binary-expr","locations":[{"start":{"line":92,"column":10},"end":{"line":92,"column":31}},{"start":{"line":93,"column":12},"end":{"line":93,"column":101}}]}},"s":{"0":0,"1":0,"2":0,"3":0,"4":0,"5":0,"6":0,"7":0,"8":0,"9":0,"10":0,"11":0,"12":0,"13":0,"14":0,"15":0,"16":0,"17":0,"18":0,"19":0,"20":0,"21":0,"22":0,"23":0,"24":0,"25":0,"26":0,"27":0,"28":0,"29":0,"30":0,"31":0,"32":0,"33":0,"34":0,"35":0,"36":0,"37":0},"f":{"0":0,"1":0,"2":0,"3":0,"4":0,"5":0,"6":0},"b":{"0":[0],"1":[0,0],"2":[0,0]}}
,"C:\\Users\\Guilherme\\Downloads\\trabalho\\github\\challenges\\project-broadcast\\credit-card-luhn-validation\\apps\\frontend\\src\\components\\ui\\separator.tsx": {"path":"C:\\Users\\Guilherme\\Downloads\\trabalho\\github\\challenges\\project-broadcast\\credit-card-luhn-validation\\apps\\frontend\\src\\components\\ui\\separator.tsx","statementMap":{"0":{"start":{"line":1,"column":0},"end":{"line":1,"column":31}},"1":{"start":{"line":2,"column":0},"end":{"line":2,"column":64}},"2":{"start":{"line":3,"column":0},"end":{"line":3,"column":36}},"3":{"start":{"line":5,"column":18},"end":{"line":24,"column":null}},"4":{"start":{"line":13,"column":4},"end":{"line":22,"column":null}},"5":{"start":{"line":28,"column":9},"end":{"line":28,"column":18}},"6":{"start":{"line":26,"column":0},"end":{"line":26,"column":60}}},"fnMap":{"0":{"name":"(anonymous_0)","decl":{"start":{"line":9,"column":2},"end":{"line":9,"column":null}},"loc":{"start":{"line":13,"column":4},"end":{"line":22,"column":null}}}},"branchMap":{"0":{"loc":{"start":{"line":10,"column":17},"end":{"line":10,"column":43}},"type":"default-arg","locations":[{"start":{"line":10,"column":31},"end":{"line":10,"column":43}}]},"1":{"loc":{"start":{"line":10,"column":45},"end":{"line":10,"column":62}},"type":"default-arg","locations":[{"start":{"line":10,"column":58},"end":{"line":10,"column":62}}]},"2":{"loc":{"start":{"line":16,"column":8},"end":{"line":16,"column":74}},"type":"cond-expr","locations":[{"start":{"line":16,"column":39},"end":{"line":16,"column":55}},{"start":{"line":16,"column":58},"end":{"line":16,"column":74}}]}},"s":{"0":0,"1":0,"2":0,"3":0,"4":0,"5":0,"6":0},"f":{"0":0},"b":{"0":[0],"1":[0],"2":[0,0]}}
,"C:\\Users\\Guilherme\\Downloads\\trabalho\\github\\challenges\\project-broadcast\\credit-card-luhn-validation\\apps\\frontend\\src\\components\\ui\\table.tsx": {"path":"C:\\Users\\Guilherme\\Downloads\\trabalho\\github\\challenges\\project-broadcast\\credit-card-luhn-validation\\apps\\frontend\\src\\components\\ui\\table.tsx","statementMap":{"0":{"start":{"line":1,"column":0},"end":{"line":1,"column":31}},"1":{"start":{"line":2,"column":0},"end":{"line":2,"column":36}},"2":{"start":{"line":4,"column":14},"end":{"line":15,"column":2}},"3":{"start":{"line":8,"column":2},"end":{"line":13,"column":null}},"4":{"start":{"line":111,"column":2},"end":{"line":111,"column":7}},"5":{"start":{"line":16,"column":0},"end":{"line":16,"column":28}},"6":{"start":{"line":18,"column":20},"end":{"line":23,"column":2}},"7":{"start":{"line":22,"column":2},"end":{"line":22,"column":77}},"8":{"start":{"line":112,"column":2},"end":{"line":112,"column":13}},"9":{"start":{"line":24,"column":0},"end":{"line":24,"column":40}},"10":{"start":{"line":26,"column":18},"end":{"line":35,"column":2}},"11":{"start":{"line":30,"column":2},"end":{"line":33,"column":null}},"12":{"start":{"line":113,"column":2},"end":{"line":113,"column":11}},"13":{"start":{"line":36,"column":0},"end":{"line":36,"column":36}},"14":{"start":{"line":38,"column":20},"end":{"line":50,"column":2}},"15":{"start":{"line":42,"column":2},"end":{"line":48,"column":null}},"16":{"start":{"line":114,"column":2},"end":{"line":114,"column":13}},"17":{"start":{"line":51,"column":0},"end":{"line":51,"column":40}},"18":{"start":{"line":53,"column":17},"end":{"line":65,"column":2}},"19":{"start":{"line":57,"column":2},"end":{"line":63,"column":null}},"20":{"start":{"line":116,"column":2},"end":{"line":116,"column":10}},"21":{"start":{"line":66,"column":0},"end":{"line":66,"column":34}},"22":{"start":{"line":68,"column":18},"end":{"line":80,"column":2}},"23":{"start":{"line":72,"column":2},"end":{"line":78,"column":null}},"24":{"start":{"line":115,"column":2},"end":{"line":115,"column":11}},"25":{"start":{"line":81,"column":0},"end":{"line":81,"column":36}},"26":{"start":{"line":83,"column":18},"end":{"line":95,"column":2}},"27":{"start":{"line":87,"column":2},"end":{"line":93,"column":null}},"28":{"start":{"line":117,"column":2},"end":{"line":117,"column":11}},"29":{"start":{"line":96,"column":0},"end":{"line":96,"column":36}},"30":{"start":{"line":98,"column":21},"end":{"line":107,"column":2}},"31":{"start":{"line":102,"column":2},"end":{"line":105,"column":null}},"32":{"start":{"line":118,"column":2},"end":{"line":118,"column":14}},"33":{"start":{"line":108,"column":0},"end":{"line":108,"column":42}}},"fnMap":{"0":{"name":"(anonymous_0)","decl":{"start":{"line":7,"column":2},"end":{"line":7,"column":3}},"loc":{"start":{"line":8,"column":2},"end":{"line":13,"column":null}}},"1":{"name":"(anonymous_1)","decl":{"start":{"line":21,"column":2},"end":{"line":21,"column":3}},"loc":{"start":{"line":22,"column":2},"end":{"line":22,"column":77}}},"2":{"name":"(anonymous_2)","decl":{"start":{"line":29,"column":2},"end":{"line":29,"column":3}},"loc":{"start":{"line":30,"column":2},"end":{"line":33,"column":null}}},"3":{"name":"(anonymous_3)","decl":{"start":{"line":41,"column":2},"end":{"line":41,"column":3}},"loc":{"start":{"line":42,"column":2},"end":{"line":48,"column":null}}},"4":{"name":"(anonymous_4)","decl":{"start":{"line":56,"column":2},"end":{"line":56,"column":3}},"loc":{"start":{"line":57,"column":2},"end":{"line":63,"column":null}}},"5":{"name":"(anonymous_5)","decl":{"start":{"line":71,"column":2},"end":{"line":71,"column":3}},"loc":{"start":{"line":72,"column":2},"end":{"line":78,"column":null}}},"6":{"name":"(anonymous_6)","decl":{"start":{"line":86,"column":2},"end":{"line":86,"column":3}},"loc":{"start":{"line":87,"column":2},"end":{"line":93,"column":null}}},"7":{"name":"(anonymous_7)","decl":{"start":{"line":101,"column":2},"end":{"line":101,"column":3}},"loc":{"start":{"line":102,"column":2},"end":{"line":105,"column":null}}}},"branchMap":{},"s":{"0":0,"1":0,"2":0,"3":0,"4":0,"5":0,"6":0,"7":0,"8":0,"9":0,"10":0,"11":0,"12":0,"13":0,"14":0,"15":0,"16":0,"17":0,"18":0,"19":0,"20":0,"21":0,"22":0,"23":0,"24":0,"25":0,"26":0,"27":0,"28":0,"29":0,"30":0,"31":0,"32":0,"33":0},"f":{"0":0,"1":0,"2":0,"3":0,"4":0,"5":0,"6":0,"7":0},"b":{}}
}
